<?xml version="1.0" encoding="UTF-8"?>
<!-- Generated by org.testng.reporters.JUnitReportReporter -->
<testsuite hostname="AnkurSharma" failures="0" tests="1" name="testCases.LoginTest" time="2.884" errors="0" timestamp="2025-03-22T20:29:40 IST" skipped="0">
  <testcase classname="testCases.LoginTest" name="testLogin" time="2.884"/>
</testsuite> <!-- testCases.LoginTest -->
